Using launch settings from D:\Development\AI\DAiApproval\src\PayrollSystem.API\PayrollSystem.API\Properties\launchSettings.json...
Building...
D:\Development\AI\DAiApproval\src\PayrollSystem.Infrastructure\PayrollSystem.Infrastructure\PayrollSystem.Infrastructure.csproj : warning NU1608: Detected package version outside of dependency constraint: Microsoft.CodeAnalysis.CSharp.Workspaces 4.8.0 requires Microsoft.CodeAnalysis.Common (= 4.8.0) but version Microsoft.CodeAnalysis.Common 4.14.0 was resolved. [D:\Development\AI\DAiApproval\src\PayrollSystem.API\PayrollSystem.API\PayrollSystem.API.csproj]
D:\Development\AI\DAiApproval\src\PayrollSystem.Infrastructure\PayrollSystem.Infrastructure\PayrollSystem.Infrastructure.csproj : warning NU1608: Detected package version outside of dependency constraint: Microsoft.CodeAnalysis.CSharp.Workspaces 4.8.0 requires Microsoft.CodeAnalysis.CSharp (= 4.8.0) but version Microsoft.CodeAnalysis.CSharp 4.14.0 was resolved. [D:\Development\AI\DAiApproval\src\PayrollSystem.API\PayrollSystem.API\PayrollSystem.API.csproj]
D:\Development\AI\DAiApproval\src\PayrollSystem.Infrastructure\PayrollSystem.Infrastructure\PayrollSystem.Infrastructure.csproj : warning NU1608: Detected package version outside of dependency constraint: Microsoft.CodeAnalysis.Workspaces.MSBuild 4.8.0 requires Microsoft.CodeAnalysis.Common (= 4.8.0) but version Microsoft.CodeAnalysis.Common 4.14.0 was resolved. [D:\Development\AI\DAiApproval\src\PayrollSystem.API\PayrollSystem.API\PayrollSystem.API.csproj]
D:\Development\AI\DAiApproval\src\PayrollSystem.Infrastructure\PayrollSystem.Infrastructure\PayrollSystem.Infrastructure.csproj : warning NU1608: Detected package version outside of dependency constraint: Microsoft.CodeAnalysis.Workspaces.Common 4.8.0 requires Microsoft.CodeAnalysis.Common (= 4.8.0) but version Microsoft.CodeAnalysis.Common 4.14.0 was resolved. [D:\Development\AI\DAiApproval\src\PayrollSystem.API\PayrollSystem.API\PayrollSystem.API.csproj]
D:\Development\AI\DAiApproval\src\PayrollSystem.Infrastructure\PayrollSystem.Infrastructure\PayrollSystem.Infrastructure.csproj : warning NU1608: Detected package version outside of dependency constraint: Microsoft.CodeAnalysis.CSharp.Workspaces 4.8.0 requires Microsoft.CodeAnalysis.Common (= 4.8.0) but version Microsoft.CodeAnalysis.Common 4.14.0 was resolved.
D:\Development\AI\DAiApproval\src\PayrollSystem.Infrastructure\PayrollSystem.Infrastructure\PayrollSystem.Infrastructure.csproj : warning NU1608: Detected package version outside of dependency constraint: Microsoft.CodeAnalysis.CSharp.Workspaces 4.8.0 requires Microsoft.CodeAnalysis.CSharp (= 4.8.0) but version Microsoft.CodeAnalysis.CSharp 4.14.0 was resolved.
D:\Development\AI\DAiApproval\src\PayrollSystem.Infrastructure\PayrollSystem.Infrastructure\PayrollSystem.Infrastructure.csproj : warning NU1608: Detected package version outside of dependency constraint: Microsoft.CodeAnalysis.Workspaces.MSBuild 4.8.0 requires Microsoft.CodeAnalysis.Common (= 4.8.0) but version Microsoft.CodeAnalysis.Common 4.14.0 was resolved.
D:\Development\AI\DAiApproval\src\PayrollSystem.Infrastructure\PayrollSystem.Infrastructure\PayrollSystem.Infrastructure.csproj : warning NU1608: Detected package version outside of dependency constraint: Microsoft.CodeAnalysis.Workspaces.Common 4.8.0 requires Microsoft.CodeAnalysis.Common (= 4.8.0) but version Microsoft.CodeAnalysis.Common 4.14.0 was resolved.
info: PayrollSystem.Infrastructure.Services.DatabaseInitializationService[0]
      Starting database initialization...
info: Microsoft.EntityFrameworkCore.Database.Command[20101]
      Executed DbCommand (19ms) [Parameters=[], CommandType='Text', CommandTimeout='30']
      SELECT COUNT(*) FROM "sqlite_master" WHERE "type" = 'table' AND "rootpage" IS NOT NULL;
info: PayrollSystem.Infrastructure.Services.DatabaseInitializationService[0]
      Database already exists.
info: PayrollSystem.Infrastructure.Services.DatabaseInitializationService[0]
      Database connectivity verified.
info: Microsoft.EntityFrameworkCore.Database.Command[20101]
      Executed DbCommand (1ms) [Parameters=[], CommandType='Text', CommandTimeout='30']
      SELECT COUNT(*)
      FROM "PayRules" AS "p"
info: Microsoft.EntityFrameworkCore.Database.Command[20101]
      Executed DbCommand (0ms) [Parameters=[], CommandType='Text', CommandTimeout='30']
      SELECT COUNT(*)
      FROM "RuleExecutions" AS "r"
info: Microsoft.EntityFrameworkCore.Database.Command[20101]
      Executed DbCommand (0ms) [Parameters=[], CommandType='Text', CommandTimeout='30']
      SELECT COUNT(*)
      FROM "RuleGenerationRequests" AS "r"
info: PayrollSystem.Infrastructure.Services.DatabaseInitializationService[0]
      Database tables verified - PayRules: 0, RuleExecutions: 0, RuleGenerationRequests: 0
info: PayrollSystem.Infrastructure.Services.DatabaseInitializationService[0]
      Database initialization completed successfully.
info: Microsoft.Hosting.Lifetime[14]
      Now listening on: http://localhost:5163
info: Microsoft.Hosting.Lifetime[0]
      Application started. Press Ctrl+C to shut down.
info: Microsoft.Hosting.Lifetime[0]
      Hosting environment: Development
info: Microsoft.Hosting.Lifetime[0]
      Content root path: D:\Development\AI\DAiApproval\src\PayrollSystem.API\PayrollSystem.API
